#
# There is insufficient memory for the Java Runtime Environment to continue.
# Native memory allocation (mmap) failed to map 100663296 bytes for G1 virtual space
# Possible reasons:
#   The system is out of physical RAM or swap space
#   The process is running with CompressedOops enabled, and the Java Heap may be blocking the growth of the native heap
# Possible solutions:
#   Reduce memory load on the system
#   Increase physical memory or swap space
#   Check if swap backing store is full
#   Decrease Java heap size (-Xmx/-Xms)
#   Decrease number of Java threads
#   Decrease Java thread stack sizes (-Xss)
#   Set larger code cache with -XX:ReservedCodeCacheSize=
#   JVM is running with Unscaled Compressed Oops mode in which the Java heap is
#     placed in the first 4GB address space. The Java Heap base address is the
#     maximum limit for the native heap growth. Please use -XX:HeapBaseMinAddress
#     to set the Java Heap base and to place the Java Heap above 4GB virtual address.
# This output file may be truncated or incomplete.
#
#  Out of Memory Error (os_windows.cpp:3541), pid=1660, tid=11856
#
# JRE version:  (17.0.4+8) (build )
# Java VM: OpenJDK 64-Bit Server VM (17.0.4+8, mixed mode, sharing, tiered, compressed oops, compressed class ptrs, g1 gc, windows-amd64)
# No core dump will be written. Minidumps are not enabled by default on client versions of Windows
#

---------------  S U M M A R Y ------------

Command Line: -XX:+ShowCodeDetailsInExceptionMessages App

Host: AMD Ryzen 5 3500U with Radeon Vega Mobile Gfx  , 8 cores, 5G,  Windows 10 , 64 bit Build 21996 (10.0.21996.1)
Time: Wed Aug 10 06:10:31 2022 South Africa Standard Time elapsed time: 0.098968 seconds (0d 0h 0m 0s)

---------------  T H R E A D  ---------------

Current thread (0x0000012873de48f0):  JavaThread "Unknown thread" [_thread_in_vm, id=11856, stack(0x0000000ee0800000,0x0000000ee0900000)]

Stack: [0x0000000ee0800000,0x0000000ee0900000]
Native frames: (J=compiled Java code, j=interpreted, Vv=VM code, C=native code)
V  [jvm.dll+0x67733a]
V  [jvm.dll+0x8323c4]
V  [jvm.dll+0x833b6e]
V  [jvm.dll+0x8341d3]
V  [jvm.dll+0x2455e5]
V  [jvm.dll+0x674229]
V  [jvm.dll+0x668ab2]
V  [jvm.dll+0x30458b]
V  [jvm.dll+0x30bad6]
V  [jvm.dll+0x35ba7e]
V  [jvm.dll+0x35bcaf]
V  [jvm.dll+0x2db428]
V  [jvm.dll+0x2dc394]
V  [jvm.dll+0x803ef1]
V  [jvm.dll+0x3698d1]
V  [jvm.dll+0x7e320c]
V  [jvm.dll+0x3ec23f]
V  [jvm.dll+0x3eddc1]
C  [jli.dll+0x5277]
C  [ucrtbase.dll+0x26c0c]
C  [KERNEL32.DLL+0x154e0]
C  [ntdll.dll+0x485b]


---------------  P R O C E S S  ---------------

Threads class SMR info:
_java_thread_list=0x00007ff9fdcf4e98, length=0, elements={
}

Java Threads: ( => current thread )

Other Threads:
  0x0000012873e2ba70 GCTaskThread "GC Thread#0" [stack: 0x0000000ee0900000,0x0000000ee0a00000] [id=17308]
  0x0000012873e38fd0 ConcurrentGCThread "G1 Main Marker" [stack: 0x0000000ee0a00000,0x0000000ee0b00000] [id=1272]
  0x0000012873e399e0 ConcurrentGCThread "G1 Conc#0" [stack: 0x0000000ee0b00000,0x0000000ee0c00000] [id=5016]

[error occurred during error reporting (printing all threads), id 0xc0000005, EXCEPTION_ACCESS_VIOLATION (0xc0000005) at pc=0x00007ff9fd4cbeb7]

VM state: not at safepoint (not fully initialized)

VM Mutex/Monitor currently owned by a thread:  ([mutex/lock_event])
[0x0000012873de0060] Heap_lock - owner thread: 0x0000012873de48f0

Heap address: 0x00000000a0c00000, size: 1524 MB, Compressed Oops mode: 32-bit

CDS archive(s) mapped at: [0x0000000000000000-0x0000000000000000-0x0000000000000000), size 0, SharedBaseAddress: 0x0000000800000000, ArchiveRelocationMode: 0.
Narrow klass base: 0x0000000000000000, Narrow klass shift: 0, Narrow klass range: 0x0

GC Precious Log:
<Empty>

Heap:
 garbage-first heap   total 0K, used 0K [0x00000000a0c00000, 0x0000000100000000)
  region size 1024K, 0 young (0K), 0 survivors (0K)

[error occurred during error reporting (printing heap information), id 0xc0000005, EXCEPTION_ACCESS_VIOLATION (0xc0000005) at pc=0x00007ff9fd8b06b9]

GC Heap History (0 events):
No events

Deoptimization events (0 events):
No events

Classes unloaded (0 events):
No events

Classes redefined (0 events):
No events

Internal exceptions (0 events):
No events

VM Operations (0 events):
No events

Events (1 events):
Event: 0.058 Loaded shared library C:\Program Files\Eclipse Adoptium\jdk-17.0.4.8-hotspot\bin\java.dll


Dynamic libraries:
0x00007ff7ad380000 - 0x00007ff7ad38e000 	C:\Program Files\Eclipse Adoptium\jdk-17.0.4.8-hotspot\bin\java.exe
0x00007ffa60860000 - 0x00007ffa60a67000 	C:\WINDOWS\SYSTEM32\ntdll.dll
0x00007ffa5f100000 - 0x00007ffa5f1bd000 	C:\WINDOWS\System32\KERNEL32.DLL
0x00007ffa5de40000 - 0x00007ffa5e1b2000 	C:\WINDOWS\System32\KERNELBASE.dll
0x00007ffa5e4f0000 - 0x00007ffa5e601000 	C:\WINDOWS\System32\ucrtbase.dll
0x00007ffa334e0000 - 0x00007ffa334f9000 	C:\Program Files\Eclipse Adoptium\jdk-17.0.4.8-hotspot\bin\VCRUNTIME140.dll
0x00007ffa33330000 - 0x00007ffa33348000 	C:\Program Files\Eclipse Adoptium\jdk-17.0.4.8-hotspot\bin\jli.dll
0x00007ffa5ed40000 - 0x00007ffa5eeec000 	C:\WINDOWS\System32\USER32.dll
0x00007ffa5e2e0000 - 0x00007ffa5e306000 	C:\WINDOWS\System32\win32u.dll
0x00007ffa5f790000 - 0x00007ffa5f7b9000 	C:\WINDOWS\System32\GDI32.dll
0x00007ffa4cca0000 - 0x00007ffa4cf45000 	C:\WINDOWS\WinSxS\amd64_microsoft.windows.common-controls_6595b64144ccf1df_6.0.21996.1_none_7d6b053978bcd706\COMCTL32.dll
0x00007ffa5e1c0000 - 0x00007ffa5e2d2000 	C:\WINDOWS\System32\gdi32full.dll
0x00007ffa5e610000 - 0x00007ffa5e6ad000 	C:\WINDOWS\System32\msvcp_win.dll
0x00007ffa5ec90000 - 0x00007ffa5ed33000 	C:\WINDOWS\System32\msvcrt.dll
0x00007ffa5e9d0000 - 0x00007ffa5ea01000 	C:\WINDOWS\System32\IMM32.DLL
0x00007ffa33570000 - 0x00007ffa3357c000 	C:\Program Files\Eclipse Adoptium\jdk-17.0.4.8-hotspot\bin\vcruntime140_1.dll
0x00007ffa10130000 - 0x00007ffa101c1000 	C:\Program Files\Eclipse Adoptium\jdk-17.0.4.8-hotspot\bin\msvcp140.dll
0x00007ff9fd1e0000 - 0x00007ff9fde26000 	C:\Program Files\Eclipse Adoptium\jdk-17.0.4.8-hotspot\bin\server\jvm.dll
0x00007ffa5e920000 - 0x00007ffa5e9cc000 	C:\WINDOWS\System32\ADVAPI32.dll
0x00007ffa5f7c0000 - 0x00007ffa5f85d000 	C:\WINDOWS\System32\sechost.dll
0x00007ffa5efd0000 - 0x00007ffa5f0f1000 	C:\WINDOWS\System32\RPCRT4.dll
0x00007ffa5ec80000 - 0x00007ffa5ec88000 	C:\WINDOWS\System32\PSAPI.DLL
0x00007ffa54bc0000 - 0x00007ffa54bf3000 	C:\WINDOWS\SYSTEM32\WINMM.dll
0x00007ffa53a80000 - 0x00007ffa53a8a000 	C:\WINDOWS\SYSTEM32\VERSION.dll
0x00007ffa48ec0000 - 0x00007ffa48ec9000 	C:\WINDOWS\SYSTEM32\WSOCK32.dll
0x00007ffa60740000 - 0x00007ffa607af000 	C:\WINDOWS\System32\WS2_32.dll
0x00007ffa5ceb0000 - 0x00007ffa5cec7000 	C:\WINDOWS\SYSTEM32\kernel.appcore.dll
0x00007ffa33370000 - 0x00007ffa3337a000 	C:\Program Files\Eclipse Adoptium\jdk-17.0.4.8-hotspot\bin\jimage.dll
0x00007ffa5b680000 - 0x00007ffa5b8a1000 	C:\WINDOWS\SYSTEM32\DBGHELP.DLL
0x00007ffa49f90000 - 0x00007ffa49fc1000 	C:\WINDOWS\SYSTEM32\dbgcore.DLL
0x00007ffa5e6b0000 - 0x00007ffa5e730000 	C:\WINDOWS\System32\bcryptPrimitives.dll
0x00007ffa29400000 - 0x00007ffa29425000 	C:\Program Files\Eclipse Adoptium\jdk-17.0.4.8-hotspot\bin\java.dll

dbghelp: loaded successfully - version: 4.0.5 - missing functions: none
symbol engine: initialized successfully - sym options: 0x614 - pdb path: .;C:\Program Files\Eclipse Adoptium\jdk-17.0.4.8-hotspot\bin;C:\WINDOWS\SYSTEM32;C:\WINDOWS\WinSxS\amd64_microsoft.windows.common-controls_6595b64144ccf1df_6.0.21996.1_none_7d6b053978bcd706;C:\Program Files\Eclipse Adoptium\jdk-17.0.4.8-hotspot\bin\server

VM Arguments:
jvm_args: -XX:+ShowCodeDetailsInExceptionMessages 
java_command: App
java_class_path (initial): D:\CreativeLizard\CommentAnalyser\Tech-check\bin
Launcher Type: SUN_STANDARD

[Global flags]
     intx CICompilerCount                          = 4                                         {product} {ergonomic}
     uint ConcGCThreads                            = 2                                         {product} {ergonomic}
     uint G1ConcRefinementThreads                  = 8                                         {product} {ergonomic}
   size_t G1HeapRegionSize                         = 1048576                                   {product} {ergonomic}
    uintx GCDrainStackTargetSize                   = 64                                        {product} {ergonomic}
   size_t InitialHeapSize                          = 100663296                                 {product} {ergonomic}
   size_t MarkStackSize                            = 4194304                                   {product} {ergonomic}
   size_t MaxHeapSize                              = 1598029824                                {product} {ergonomic}
   size_t MinHeapDeltaBytes                        = 1048576                                   {product} {ergonomic}
   size_t MinHeapSize                              = 8388608                                   {product} {ergonomic}
    uintx NonNMethodCodeHeapSize                   = 5839372                                {pd product} {ergonomic}
    uintx NonProfiledCodeHeapSize                  = 122909434                              {pd product} {ergonomic}
    uintx ProfiledCodeHeapSize                     = 122909434                              {pd product} {ergonomic}
    uintx ReservedCodeCacheSize                    = 251658240                              {pd product} {ergonomic}
     bool SegmentedCodeCache                       = true                                      {product} {ergonomic}
     bool ShowCodeDetailsInExceptionMessages       = true                                   {manageable} {command line}
   size_t SoftMaxHeapSize                          = 1598029824                             {manageable} {ergonomic}
     bool UseCompressedClassPointers               = true                           {product lp64_product} {ergonomic}
     bool UseCompressedOops                        = true                           {product lp64_product} {ergonomic}
     bool UseG1GC                                  = true                                      {product} {ergonomic}
     bool UseLargePagesIndividualAllocation        = false                                  {pd product} {ergonomic}

Logging:
Log output configuration:
 #0: stdout all=warning uptime,level,tags
 #1: stderr all=off uptime,level,tags

Environment Variables:
PATH=C:\Program Files\Eclipse Adoptium\jdk-17.0.4.8-hotspot\bin;C:\Program Files\Common Files\Oracle\Java\javapath;C:\WINDOWS\system32;C:\WINDOWS;C:\WINDOWS\System32\Wbem;C:\WINDOWS\System32\WindowsPowerShell\v1.0\;C:\WINDOWS\System32\OpenSSH\;C:\Program Files\Git\cmd;C:\Program Files\nodejs\;C:\Program Files\Amazon\AWSCLIV2\;C:\ProgramData\chocolatey\bin;;C:\Program Files\Docker\Docker\resources\bin;C:\ProgramData\DockerDesktop\version-bin;C:\Users\Snaye\AppData\Local\Microsoft\WindowsApps;C:\Users\Snaye\AppData\Local\Programs\Microsoft VS Code\bin;C:\Program Files\heroku\bin;C:\Python310;C:\Python310\Scripts;D:\CreativeLizard\flutter\bin;C:\Users\Snaye\AppData\Local\Android\Sdk\tools;C:\Users\Snaye\AppData\Local\Android\Sdk\platform-tools;C:\Users\Snaye\AppData\Local\Android\Sdk\cmdline-tools;C:\Users\Snaye\AppData\Roaming\npm
USERNAME=Snaye
LANG=en_US.UTF-8
OS=Windows_NT
PROCESSOR_IDENTIFIER=AMD64 Family 23 Model 24 Stepping 1, AuthenticAMD
TMP=C:\Users\Snaye\AppData\Local\Temp
TEMP=C:\Users\Snaye\AppData\Local\Temp



---------------  S Y S T E M  ---------------

OS:
 Windows 10 , 64 bit Build 21996 (10.0.21996.1)
OS uptime: 0 days 10:32 hours

CPU: total 8 (initial active 8) (8 cores per cpu, 2 threads per core) family 23 model 24 stepping 1 microcode 0x0, cx8, cmov, fxsr, ht, mmx, 3dnowpref, sse, sse2, sse3, ssse3, sse4a, sse4.1, sse4.2, popcnt, lzcnt, tsc, tscinvbit, avx, avx2, aes, clmul, bmi1, bmi2, adx, sha, fma, vzeroupper, clflush, clflushopt

Memory: 4k page, system-wide physical 6091M (114M free)
TotalPageFile size 11103M (AvailPageFile size 58M)
current process WorkingSet (physical memory assigned to process): 10M, peak: 10M
current process commit charge ("private bytes"): 60M, peak: 156M

vm_info: OpenJDK 64-Bit Server VM (17.0.4+8) for windows-amd64 JRE (17.0.4+8), built on Jul 19 2022 16:05:16 by "temurin" with MS VC++ 16.7 (VS2019)

END.
